<?xml version="1.0" encoding="UTF-8" standalone="yes"?><!DOCTYPE report PUBLIC "-//JACOCO//DTD Report 1.1//EN" "report.dtd"><report name="ColorBundles"><sessioninfo id="Lees-MacBook-Air.local-510c73e3" start="1617417372414" dump="1617417378374"/><sessioninfo id="Lees-MacBook-Air.local-2538d936" start="1617419797593" dump="1617419803855"/><sessioninfo id="Lees-MacBook-Air.local-73ca9482" start="1617420065387" dump="1617420071237"/><sessioninfo id="Lees-MacBook-Air.local-ba45856d" start="1617420135444" dump="1617420141447"/><sessioninfo id="Lees-MacBook-Air.local-18a8af0f" start="1617420194183" dump="1617420200143"/><sessioninfo id="Lees-MacBook-Air.local-25ded7bc" start="1617420329224" dump="1617420335496"/><sessioninfo id="Lees-MacBook-Air.local-5378d3a" start="1617420434253" dump="1617420441023"/><sessioninfo id="Lees-MacBook-Air.local-51e817d" start="1617421025176" dump="1617421033953"/><sessioninfo id="Lees-MacBook-Air.local-de30c805" start="1617421190256" dump="1617421198690"/><sessioninfo id="Lees-MacBook-Air.local-8ad1a368" start="1617421691798" dump="1617421700501"/><sessioninfo id="Lees-MacBook-Air.local-250c9d94" start="1617421837306" dump="1617421846282"/><sessioninfo id="Lees-MacBook-Air.local-1ef9f6d1" start="1623427665038" dump="1623427672085"/><sessioninfo id="Lees-MacBook-Air.local-721b705d" start="1623427761883" dump="1623427769093"/><sessioninfo id="Lees-MacBook-Air.local-6860e9bf" start="1623428067649" dump="1623428075197"/><sessioninfo id="Lees-MacBook-Air.local-c7ba0174" start="1623428235254" dump="1623428244304"/><sessioninfo id="Lees-MacBook-Air.local-db9fd991" start="1623428458090" dump="1623428467775"/><sessioninfo id="Lees-MacBook-Air.local-e198de71" start="1623428633093" dump="1623428642003"/><sessioninfo id="Lees-MacBook-Air.local-899fdebb" start="1623428794651" dump="1623428804449"/><sessioninfo id="Lees-MacBook-Air.local-40d4d30" start="1623428868587" dump="1623428877504"/><sessioninfo id="Lees-MacBook-Air.local-525f6ef8" start="1623429048051" dump="1623429056908"/><sessioninfo id="Lees-MacBook-Air.local-e1f36845" start="1623430191777" dump="1623430201089"/><sessioninfo id="Lees-MacBook-Air.local-22f6bf4d" start="1623430519475" dump="1623430530414"/><sessioninfo id="Lees-MacBook-Air.local-d3764313" start="1623430706838" dump="1623430716540"/><sessioninfo id="Lees-MacBook-Air.local-3ffb6428" start="1623430872722" dump="1623430882696"/><sessioninfo id="Lees-MacBook-Air.local-36992351" start="1623431050695" dump="1623431058301"/><package name="com/paratopiamc/colorbundles"><class name="com/paratopiamc/colorbundles/ColorBundles$Dyes" sourcefilename="ColorBundles.java"><method name="&lt;init&gt;" desc="(Ljava/lang/String;ILjava/lang/String;)V" line="21"><counter type="INSTRUCTION" missed="20" covered="0"/><counter type="LINE" missed="4" covered="0"/><counter type="COMPLEXITY" missed="1" covered="0"/><counter type="METHOD" missed="1" covered="0"/></method><method name="toString" desc="()Ljava/lang/String;" line="28"><counter type="INSTRUCTION" missed="3" covered="0"/><counter type="LINE" missed="1" covered="0"/><counter type="COMPLEXITY" missed="1" covered="0"/><counter type="METHOD" missed="1" covered="0"/></method><method name="getDye" desc="()Lorg/bukkit/Material;" line="32"><counter type="INSTRUCTION" missed="3" covered="0"/><counter type="LINE" missed="1" covered="0"/><counter type="COMPLEXITY" missed="1" covered="0"/><counter type="METHOD" missed="1" covered="0"/></method><method name="&lt;clinit&gt;" desc="()V" line="13"><counter type="INSTRUCTION" missed="115" covered="0"/><counter type="LINE" missed="4" covered="0"/><counter type="COMPLEXITY" missed="1" covered="0"/><counter type="METHOD" missed="1" covered="0"/></method><counter type="INSTRUCTION" missed="141" covered="0"/><counter type="LINE" missed="10" covered="0"/><counter type="COMPLEXITY" missed="4" covered="0"/><counter type="METHOD" missed="4" covered="0"/><counter type="CLASS" missed="1" covered="0"/></class><class name="com/paratopiamc/colorbundles/ColorBundles" sourcefilename="ColorBundles.java"><method name="&lt;init&gt;" desc="()V" line="12"><counter type="INSTRUCTION" missed="3" covered="0"/><counter type="LINE" missed="1" covered="0"/><counter type="COMPLEXITY" missed="1" covered="0"/><counter type="METHOD" missed="1" covered="0"/></method><method name="onEnable" desc="()V" line="38"><counter type="INSTRUCTION" missed="111" covered="0"/><counter type="BRANCH" missed="4" covered="0"/><counter type="LINE" missed="21" covered="0"/><counter type="COMPLEXITY" missed="3" covered="0"/><counter type="METHOD" missed="1" covered="0"/></method><counter type="INSTRUCTION" missed="114" covered="0"/><counter type="BRANCH" missed="4" covered="0"/><counter type="LINE" missed="22" covered="0"/><counter type="COMPLEXITY" missed="4" covered="0"/><counter type="METHOD" missed="2" covered="0"/><counter type="CLASS" missed="1" covered="0"/></class><sourcefile name="ColorBundles.java"><line nr="12" mi="3" ci="0" mb="0" cb="0"/><line nr="13" mi="3" ci="0" mb="0" cb="0"/><line nr="14" mi="42" ci="0" mb="0" cb="0"/><line nr="15" mi="35" ci="0" mb="0" cb="0"/><line nr="16" mi="35" ci="0" mb="0" cb="0"/><line nr="21" mi="4" ci="0" mb="0" cb="0"/><line nr="22" mi="12" ci="0" mb="0" cb="0"/><line nr="23" mi="3" ci="0" mb="0" cb="0"/><line nr="24" mi="1" ci="0" mb="0" cb="0"/><line nr="28" mi="3" ci="0" mb="0" cb="0"/><line nr="32" mi="3" ci="0" mb="0" cb="0"/><line nr="38" mi="4" ci="0" mb="2" cb="0"/><line nr="40" mi="4" ci="0" mb="0" cb="0"/><line nr="41" mi="1" ci="0" mb="0" cb="0"/><line nr="42" mi="2" ci="0" mb="0" cb="0"/><line nr="43" mi="1" ci="0" mb="0" cb="0"/><line nr="45" mi="2" ci="0" mb="0" cb="0"/><line nr="47" mi="16" ci="0" mb="2" cb="0"/><line nr="48" mi="5" ci="0" mb="0" cb="0"/><line nr="49" mi="3" ci="0" mb="0" cb="0"/><line nr="51" mi="6" ci="0" mb="0" cb="0"/><line nr="52" mi="4" ci="0" mb="0" cb="0"/><line nr="54" mi="4" ci="0" mb="0" cb="0"/><line nr="55" mi="13" ci="0" mb="0" cb="0"/><line nr="56" mi="6" ci="0" mb="0" cb="0"/><line nr="58" mi="9" ci="0" mb="0" cb="0"/><line nr="59" mi="5" ci="0" mb="0" cb="0"/><line nr="60" mi="6" ci="0" mb="0" cb="0"/><line nr="62" mi="3" ci="0" mb="0" cb="0"/><line nr="64" mi="15" ci="0" mb="0" cb="0"/><line nr="65" mi="1" ci="0" mb="0" cb="0"/><line nr="67" mi="1" ci="0" mb="0" cb="0"/><counter type="INSTRUCTION" missed="255" covered="0"/><counter type="BRANCH" missed="4" covered="0"/><counter type="LINE" missed="32" covered="0"/><counter type="COMPLEXITY" missed="8" covered="0"/><counter type="METHOD" missed="6" covered="0"/><counter type="CLASS" missed="2" covered="0"/></sourcefile><counter type="INSTRUCTION" missed="255" covered="0"/><counter type="BRANCH" missed="4" covered="0"/><counter type="LINE" missed="32" covered="0"/><counter type="COMPLEXITY" missed="8" covered="0"/><counter type="METHOD" missed="6" covered="0"/><counter type="CLASS" missed="2" covered="0"/></package><counter type="INSTRUCTION" missed="255" covered="0"/><counter type="BRANCH" missed="4" covered="0"/><counter type="LINE" missed="32" covered="0"/><counter type="COMPLEXITY" missed="8" covered="0"/><counter type="METHOD" missed="6" covered="0"/><counter type="CLASS" missed="2" covered="0"/></report>